<?xml version="1.0" encoding="UTF-8"?>
<!-- Generated by org.testng.reporters.JUnitXMLReporter -->
<testsuite ignored="0" hostname="DESKTOP-SEKDPB4" failures="0" tests="2" name="Default test" time="0.116" errors="0" timestamp="2022-10-22T09:02:04 IST">
  <testcase classname="testPack.VerifyRoomsPage" name="@BeforeTest launchBrowser" time="-1.666409524577E9">
    <failure type="org.testng.TestNGException" message="
Can inject only one of &amp;lt;ITestContext, XmlTest&amp;gt; into a @BeforeTest annotated launchBrowser.
For more information on native dependency injection please refer to https://testng.org/doc/documentation-main.html#native-dependency-injection">
      <![CDATA[org.testng.TestNGException: 
Can inject only one of <ITestContext, XmlTest> into a @BeforeTest annotated launchBrowser.
For more information on native dependency injection please refer to https://testng.org/doc/documentation-main.html#native-dependency-injection
at org.testng.internal.Parameters.checkParameterTypes(Parameters.java:439)
at org.testng.internal.Parameters.createParametersForMethod(Parameters.java:353)
at org.testng.internal.Parameters.createParameters(Parameters.java:708)
at org.testng.internal.Parameters.createConfigurationParameters(Parameters.java:168)
at org.testng.internal.ConfigInvoker.invokeConfigurations(ConfigInvoker.java:302)
at org.testng.TestRunner.invokeTestConfigurations(TestRunner.java:637)
at org.testng.TestRunner.beforeRun(TestRunner.java:627)
at org.testng.TestRunner.run(TestRunner.java:589)
at org.testng.SuiteRunner.runTest(SuiteRunner.java:377)
at org.testng.SuiteRunner.runSequentially(SuiteRunner.java:371)
at org.testng.SuiteRunner.privateRun(SuiteRunner.java:332)
at org.testng.SuiteRunner.run(SuiteRunner.java:276)
at org.testng.SuiteRunnerWorker.runSuite(SuiteRunnerWorker.java:53)
at org.testng.SuiteRunnerWorker.run(SuiteRunnerWorker.java:96)
at org.testng.TestNG.runSuitesSequentially(TestNG.java:1212)
at org.testng.TestNG.runSuitesLocally(TestNG.java:1134)
at org.testng.TestNG.runSuites(TestNG.java:1063)
at org.testng.TestNG.run(TestNG.java:1031)
at org.testng.remote.AbstractRemoteTestNG.run(AbstractRemoteTestNG.java:115)
at org.testng.remote.RemoteTestNG.initAndRun(RemoteTestNG.java:251)
at org.testng.remote.RemoteTestNG.main(RemoteTestNG.java:77)
]]>
    </failure>
  </testcase> <!-- @BeforeTest launchBrowser -->
  <testcase classname="testPack.VerifyRoomsPage" name="@BeforeClass creatPOMObjects" time="-1.666409524624E9">
    <skipped/>
  </testcase> <!-- @BeforeClass creatPOMObjects -->
  <testcase classname="testPack.VerifyRoomsPage" name="@BeforeMethod openRoomsPage" time="-1.666409524652E9">
    <skipped/>
  </testcase> <!-- @BeforeMethod openRoomsPage -->
  <testcase classname="testPack.VerifyRoomsPage" name="@AfterMethod logOutFromApplication" time="-1.666409524662E9">
    <skipped/>
  </testcase> <!-- @AfterMethod logOutFromApplication -->
  <testcase classname="testPack.VerifyRoomsPage" name="@BeforeMethod openRoomsPage" time="-1.666409524666E9">
    <skipped/>
  </testcase> <!-- @BeforeMethod openRoomsPage -->
  <testcase classname="testPack.VerifyRoomsPage" name="@AfterMethod logOutFromApplication" time="-1.666409524674E9">
    <skipped/>
  </testcase> <!-- @AfterMethod logOutFromApplication -->
  <testcase classname="testPack.VerifyRoomsPage" name="@AfterClass clearObjet" time="-1.666409524677E9">
    <skipped/>
  </testcase> <!-- @AfterClass clearObjet -->
  <testcase classname="testPack.VerifyRoomsPage" name="@AfterTest cloaseBrowser" time="-1.666409524683E9">
    <skipped/>
  </testcase> <!-- @AfterTest cloaseBrowser -->
  <testcase classname="testPack.VerifyRoomsPage" name="verifyContactToHelpCenter" time="0.0">
    <skipped/>
  </testcase> <!-- verifyContactToHelpCenter -->
  <testcase classname="testPack.VerifyRoomsPage" name="verifyReturnToMessangerButton" time="0.0">
    <skipped/>
  </testcase> <!-- verifyReturnToMessangerButton -->
</testsuite> <!-- Default test -->
